<?xml version="1.0" encoding="UTF-8"?>
<testng-results ignored="0" total="2" passed="2" failed="0" skipped="0">
  <reporter-output>
  </reporter-output>
  <suite started-at="2025-03-22T12:38:48 IST" name="Surefire suite" finished-at="2025-03-22T12:39:10 IST" duration-ms="22648">
    <groups>
      <group name="smoke">
        <method signature="LoginValidationTest.signUpAndInValidTest(java.lang.String,java.lang.String)[pri:0, instance:LoginValidationTest@358ee631]" name="signUpAndInValidTest" class="LoginValidationTest"/>
        <method signature="LoginValidationTest.signUpAndValidTest(java.lang.String,java.lang.String)[pri:0, instance:LoginValidationTest@358ee631]" name="signUpAndValidTest" class="LoginValidationTest"/>
      </group> <!-- smoke -->
    </groups>
    <test started-at="2025-03-22T12:38:48 IST" name="Surefire test" finished-at="2025-03-22T12:39:10 IST" duration-ms="22648">
      <class name="LoginValidationTest">
        <test-method is-config="true" signature="setup(java.lang.String,java.lang.String,boolean,org.testng.ITestResult)[pri:0, instance:LoginValidationTest@358ee631]" started-at="2025-03-22T12:38:48 IST" name="setup" description="Loading the test base" finished-at="2025-03-22T12:38:52 IST" duration-ms="3894" status="PASS">
          <params>
            <param index="0">
              <value>
                <![CDATA[chrome]]>
              </value>
            </param>
            <param index="1">
              <value>
                <![CDATA[QA]]>
              </value>
            </param>
            <param index="2">
              <value>
                <![CDATA[false]]>
              </value>
            </param>
            <param index="3">
              <value>
                <![CDATA[[TestResult name={null} status=CREATED method=LoginValidationTest.signUpAndInValidTest(java.lang.String,java.lang.String)[pri:0, instance:LoginValidationTest@358ee631] output={null}]]]>
              </value>
            </param>
          </params>
          <reporter-output>
          </reporter-output>
        </test-method> <!-- setup -->
        <test-method signature="signUpAndInValidTest(java.lang.String,java.lang.String)[pri:0, instance:LoginValidationTest@358ee631]" started-at="2025-03-22T12:38:52 IST" name="signUpAndInValidTest" data-provider="inValidLogin" finished-at="2025-03-22T12:38:59 IST" duration-ms="7098" status="PASS">
          <params>
            <param index="0">
              <value>
                <![CDATA[]]>
              </value>
            </param>
            <param index="1">
              <value>
                <![CDATA[]]>
              </value>
            </param>
          </params>
          <reporter-output>
          </reporter-output>
        </test-method> <!-- signUpAndInValidTest -->
        <test-method is-config="true" signature="tearDown()[pri:0, instance:LoginValidationTest@358ee631]" started-at="2025-03-22T12:38:59 IST" name="tearDown" finished-at="2025-03-22T12:38:59 IST" duration-ms="465" status="PASS">
          <reporter-output>
          </reporter-output>
        </test-method> <!-- tearDown -->
        <test-method is-config="true" signature="setup(java.lang.String,java.lang.String,boolean,org.testng.ITestResult)[pri:0, instance:LoginValidationTest@358ee631]" started-at="2025-03-22T12:38:59 IST" name="setup" description="Loading the test base" finished-at="2025-03-22T12:39:02 IST" duration-ms="2993" status="PASS">
          <params>
            <param index="0">
              <value>
                <![CDATA[chrome]]>
              </value>
            </param>
            <param index="1">
              <value>
                <![CDATA[QA]]>
              </value>
            </param>
            <param index="2">
              <value>
                <![CDATA[false]]>
              </value>
            </param>
            <param index="3">
              <value>
                <![CDATA[[TestResult name={null} status=CREATED method=LoginValidationTest.signUpAndValidTest(java.lang.String,java.lang.String)[pri:0, instance:LoginValidationTest@358ee631] output={null}]]]>
              </value>
            </param>
          </params>
          <reporter-output>
          </reporter-output>
        </test-method> <!-- setup -->
        <test-method signature="signUpAndValidTest(java.lang.String,java.lang.String)[pri:0, instance:LoginValidationTest@358ee631]" started-at="2025-03-22T12:39:02 IST" name="signUpAndValidTest" data-provider="signUpAndValidLogin" finished-at="2025-03-22T12:39:10 IST" duration-ms="7394" status="PASS">
          <params>
            <param index="0">
              <value>
                <![CDATA[7672003173]]>
              </value>
            </param>
            <param index="1">
              <value>
                <![CDATA[Runo@03062025]]>
              </value>
            </param>
          </params>
          <reporter-output>
          </reporter-output>
        </test-method> <!-- signUpAndValidTest -->
        <test-method is-config="true" signature="tearDown()[pri:0, instance:LoginValidationTest@358ee631]" started-at="2025-03-22T12:39:10 IST" name="tearDown" finished-at="2025-03-22T12:39:10 IST" duration-ms="421" status="PASS">
          <reporter-output>
          </reporter-output>
        </test-method> <!-- tearDown -->
      </class> <!-- LoginValidationTest -->
    </test> <!-- Surefire test -->
  </suite> <!-- Surefire suite -->
</testng-results>
